<?xml version="1.0" encoding="UTF-8"?>
<testsuite name="hello.ActuatorApplicationTests" tests="1" skipped="0" failures="0" errors="0" timestamp="2023-06-29T13:39:56" hostname="LM-045762-00.local" time="0.197">
  <properties/>
  <testcase name="contextLoads()" classname="hello.ActuatorApplicationTests" time="0.197"/>
  <system-out><![CDATA[22:39:53.848 [Test worker] DEBUG org.springframework.boot.test.context.SpringBootTestContextBootstrapper - Neither @ContextConfiguration nor @ContextHierarchy found for test class [ActuatorApplicationTests]: using SpringBootContextLoader
22:39:53.852 [Test worker] DEBUG org.springframework.test.context.support.AbstractContextLoader - Could not detect default resource locations for test class [hello.ActuatorApplicationTests]: no resource found for suffixes {-context.xml, Context.groovy}.
22:39:53.853 [Test worker] INFO org.springframework.test.context.support.AnnotationConfigContextLoaderUtils - Could not detect default configuration classes for test class [hello.ActuatorApplicationTests]: ActuatorApplicationTests does not declare any static, non-private, non-final, nested classes annotated with @Configuration.
22:39:53.876 [Test worker] DEBUG org.springframework.boot.test.context.SpringBootTestContextBootstrapper - Using ContextCustomizers for test class [ActuatorApplicationTests]: [DisableObservabilityContextCustomizer, PropertyMappingContextCustomizer, Customizer, ExcludeFilterContextCustomizer, DuplicateJsonObjectContextCustomizer, MockitoContextCustomizer, TestRestTemplateContextCustomizer]
22:39:53.927 [Test worker] DEBUG org.springframework.context.annotation.ClassPathScanningCandidateComponentProvider - Identified candidate component class: file [/Users/junelee/study/fundamentalanduse/actuator/build/classes/java/main/hello/ActuatorApplication.class]
22:39:53.945 [Test worker] INFO org.springframework.boot.test.context.SpringBootTestContextBootstrapper - Found @SpringBootConfiguration hello.ActuatorApplication for test class hello.ActuatorApplicationTests
22:39:54.024 [Test worker] DEBUG org.springframework.boot.test.context.SpringBootTestContextBootstrapper - Using TestExecutionListeners for test class [ActuatorApplicationTests]: [ServletTestExecutionListener, DirtiesContextBeforeModesTestExecutionListener, ApplicationEventsTestExecutionListener, MockitoTestExecutionListener, DependencyInjectionTestExecutionListener, DirtiesContextTestExecutionListener, TransactionalTestExecutionListener, SqlScriptsTestExecutionListener, EventPublishingTestExecutionListener, RestDocsTestExecutionListener, MockRestServiceServerResetTestExecutionListener, MockMvcPrintOnlyOnFailureTestExecutionListener, WebDriverTestExecutionListener, MockWebServiceServerTestExecutionListener, ResetMocksTestExecutionListener]
22:39:54.026 [Test worker] DEBUG org.springframework.test.context.support.AbstractDirtiesContextTestExecutionListener - Before test class: class [ActuatorApplicationTests], class annotated with @DirtiesContext [false] with mode [null]

  .   ____          _            __ _ _
 /\\ / ___'_ __ _ _(_)_ __  __ _ \ \ \ \
( ( )\___ | '_ | '_| | '_ \/ _` | \ \ \ \
 \\/  ___)| |_)| | | | | || (_| |  ) ) ) )
  '  |____| .__|_| |_|_| |_\__, | / / / /
 =========|_|==============|___/=/_/_/_/
 :: Spring Boot ::                (v3.0.2)

2023-06-29T22:39:54.265+09:00  INFO 23015 --- [    Test worker] hello.ActuatorApplicationTests           : Starting ActuatorApplicationTests using Java 17.0.7 with PID 23015 (started by junelee in /Users/junelee/study/fundamentalanduse/actuator)
2023-06-29T22:39:54.266+09:00  INFO 23015 --- [    Test worker] hello.ActuatorApplicationTests           : No active profile set, falling back to 1 default profile: "default"
2023-06-29T22:39:54.810+09:00  INFO 23015 --- [    Test worker] .s.d.r.c.RepositoryConfigurationDelegate : Bootstrapping Spring Data JPA repositories in DEFAULT mode.
2023-06-29T22:39:54.822+09:00  INFO 23015 --- [    Test worker] .s.d.r.c.RepositoryConfigurationDelegate : Finished Spring Data repository scanning in 7 ms. Found 0 JPA repository interfaces.
2023-06-29T22:39:55.074+09:00  INFO 23015 --- [    Test worker] com.zaxxer.hikari.HikariDataSource       : HikariPool-1 - Starting...
2023-06-29T22:39:55.207+09:00  INFO 23015 --- [    Test worker] com.zaxxer.hikari.pool.HikariPool        : HikariPool-1 - Added connection conn0: url=jdbc:h2:mem:ceb8f26f-4841-47a9-acf7-95211873f102 user=SA
2023-06-29T22:39:55.208+09:00  INFO 23015 --- [    Test worker] com.zaxxer.hikari.HikariDataSource       : HikariPool-1 - Start completed.
2023-06-29T22:39:55.241+09:00  INFO 23015 --- [    Test worker] o.hibernate.jpa.internal.util.LogHelper  : HHH000204: Processing PersistenceUnitInfo [name: default]
2023-06-29T22:39:55.270+09:00  INFO 23015 --- [    Test worker] org.hibernate.Version                    : HHH000412: Hibernate ORM core version 6.1.6.Final
2023-06-29T22:39:55.372+09:00  WARN 23015 --- [    Test worker] org.hibernate.orm.deprecation            : HHH90000021: Encountered deprecated setting [javax.persistence.sharedCache.mode], use [jakarta.persistence.sharedCache.mode] instead
2023-06-29T22:39:55.459+09:00  INFO 23015 --- [    Test worker] SQL dialect                              : HHH000400: Using dialect: org.hibernate.dialect.H2Dialect
2023-06-29T22:39:55.634+09:00  INFO 23015 --- [    Test worker] o.h.e.t.j.p.i.JtaPlatformInitiator       : HHH000490: Using JtaPlatform implementation: [org.hibernate.engine.transaction.jta.platform.internal.NoJtaPlatform]
2023-06-29T22:39:55.640+09:00  INFO 23015 --- [    Test worker] j.LocalContainerEntityManagerFactoryBean : Initialized JPA EntityManagerFactory for persistence unit 'default'
2023-06-29T22:39:55.752+09:00  WARN 23015 --- [    Test worker] JpaBaseConfiguration$JpaWebConfiguration : spring.jpa.open-in-view is enabled by default. Therefore, database queries may be performed during view rendering. Explicitly configure spring.jpa.open-in-view to disable this warning
2023-06-29T22:39:56.207+09:00  INFO 23015 --- [    Test worker] o.s.b.a.e.web.EndpointLinksResolver      : Exposing 14 endpoint(s) beneath base path '/actuator'
2023-06-29T22:39:56.269+09:00  INFO 23015 --- [    Test worker] hello.ActuatorApplicationTests           : Started ActuatorApplicationTests in 2.213 seconds (process running for 3.094)
]]></system-out>
  <system-err><![CDATA[]]></system-err>
</testsuite>
